Using pre-set license
Built from '2020.3/staging' branch; Version is '2020.3.22f1 (e1a7f79fd887) revision 14788599'; Using compiler version '192528614'; Build Type 'Release'
OS: 'Windows 10 Home China; OS build 22635.2483; Version 2009; 64bit' Language: 'zh' Physical Memory: 16128 MB
BatchMode: 1, IsHumanControllingUs: 0, StartBugReporterOnCrash: 0, Is64bit: 1, IsPro: 0

COMMAND LINE ARGUMENTS:
D:\UnityHub\Unity Hub\Editor\2020.3.22f1\Editor\Unity.exe
-adb2
-batchMode
-noUpm
-name
AssetImportWorker0
-projectPath
D:/UnityProject/MyRo
-logFile
Logs/AssetImportWorker0.log
-srvPort
50813
Successfully changed project path to: D:/UnityProject/MyRo
D:/UnityProject/MyRo
Using Asset Import Pipeline V2.
Refreshing native plugins compatible for Editor in 25.52 ms, found 2 plugins.
Preloading 0 native plugins for Editor in 0.00 ms.
Initialize engine version: 2020.3.22f1 (e1a7f79fd887)
[Subsystems] Discovering subsystems at path D:/UnityHub/Unity Hub/Editor/2020.3.22f1/Editor/Data/Resources/UnitySubsystems
[Subsystems] Discovering subsystems at path D:/UnityProject/MyRo/Assets
GfxDevice: creating device client; threaded=0
Direct3D:
    Version:  Direct3D 11.0 [level 11.1]
    Renderer: NVIDIA GeForce RTX 3060 Laptop GPU (ID=0x2520)
    Vendor:   
    VRAM:     6023 MB
    Driver:   31.0.15.1700
Initialize mono
Mono path[0] = 'D:/UnityHub/Unity Hub/Editor/2020.3.22f1/Editor/Data/Managed'
Mono path[1] = 'D:/UnityHub/Unity Hub/Editor/2020.3.22f1/Editor/Data/MonoBleedingEdge/lib/mono/unityjit'
Mono config path = 'D:/UnityHub/Unity Hub/Editor/2020.3.22f1/Editor/Data/MonoBleedingEdge/etc'
Using monoOptions --debugger-agent=transport=dt_socket,embedding=1,server=y,suspend=n,address=127.0.0.1:56640
Begin MonoManager ReloadAssembly
Registering precompiled unity dll's ...
Register platform support module: D:/UnityHub/Unity Hub/Editor/2020.3.22f1/Editor/Data/PlaybackEngines/WindowsStandaloneSupport/UnityEditor.WindowsStandalone.Extensions.dll
Registered in 0.000589 seconds.
Native extension for WindowsStandalone target not found
Refreshing native plugins compatible for Editor in 24.07 ms, found 2 plugins.
Preloading 0 native plugins for Editor in 0.00 ms.
Mono: successfully reloaded assembly
- Completed reload, in  0.589 seconds
Domain Reload Profiling:
	ReloadAssembly (589ms)
		BeginReloadAssembly (35ms)
			ExecutionOrderSort (0ms)
			DisableScriptedObjects (0ms)
			BackupInstance (0ms)
			ReleaseScriptingObjects (0ms)
			CreateAndSetChildDomain (1ms)
		EndReloadAssembly (314ms)
			LoadAssemblies (35ms)
			RebuildTransferFunctionScriptingTraits (0ms)
			SetupTypeCache (108ms)
			ReleaseScriptCaches (0ms)
			RebuildScriptCaches (20ms)
			SetupLoadedEditorAssemblies (116ms)
				LogAssemblyErrors (0ms)
				InitializePlatformSupportModulesInManaged (3ms)
				SetLoadedEditorAssemblies (0ms)
				RefreshPlugins (24ms)
				BeforeProcessingInitializeOnLoad (10ms)
				ProcessInitializeOnLoadAttributes (59ms)
				ProcessInitializeOnLoadMethodAttributes (20ms)
				AfterProcessingInitializeOnLoad (0ms)
				EditorAssembliesLoaded (0ms)
			ExecutionOrderSort2 (0ms)
			AwakeInstancesAfterBackupRestoration (0ms)
Platform modules already initialized, skipping
Registering precompiled user dll's ...
Registered in 0.002432 seconds.
Begin MonoManager ReloadAssembly
Native extension for WindowsStandalone target not found
Refreshing native plugins compatible for Editor in 0.29 ms, found 2 plugins.
Preloading 0 native plugins for Editor in 0.00 ms.
Mirror | mirror-networking.com | discord.gg/N9QVxbM
UnityEngine.StackTraceUtility:ExtractStackTrace ()
UnityEngine.DebugLogHandler:LogFormat (UnityEngine.LogType,UnityEngine.Object,string,object[])
UnityEngine.Logger:Log (UnityEngine.LogType,object)
UnityEngine.Debug:Log (object)
Mirror.Welcome:OnInitializeOnLoad () (at Assets/Mirror/Editor/Welcome.cs:18)
System.Reflection.MonoMethod:Invoke (object,System.Reflection.BindingFlags,System.Reflection.Binder,object[],System.Globalization.CultureInfo)
System.Reflection.MethodBase:Invoke (object,object[])
UnityEditor.EditorAssemblies:ProcessInitializeOnLoadMethodAttributes ()

(Filename: Assets/Mirror/Editor/Welcome.cs Line: 18)

Mono: successfully reloaded assembly
- Completed reload, in  0.695 seconds
Domain Reload Profiling:
	ReloadAssembly (696ms)
		BeginReloadAssembly (91ms)
			ExecutionOrderSort (0ms)
			DisableScriptedObjects (3ms)
			BackupInstance (0ms)
			ReleaseScriptingObjects (0ms)
			CreateAndSetChildDomain (14ms)
		EndReloadAssembly (568ms)
			LoadAssemblies (57ms)
			RebuildTransferFunctionScriptingTraits (0ms)
			SetupTypeCache (198ms)
			ReleaseScriptCaches (0ms)
			RebuildScriptCaches (30ms)
			SetupLoadedEditorAssemblies (224ms)
				LogAssemblyErrors (0ms)
				InitializePlatformSupportModulesInManaged (4ms)
				SetLoadedEditorAssemblies (0ms)
				RefreshPlugins (0ms)
				BeforeProcessingInitializeOnLoad (52ms)
				ProcessInitializeOnLoadAttributes (148ms)
				ProcessInitializeOnLoadMethodAttributes (18ms)
				AfterProcessingInitializeOnLoad (1ms)
				EditorAssembliesLoaded (0ms)
			ExecutionOrderSort2 (0ms)
			AwakeInstancesAfterBackupRestoration (4ms)
Platform modules already initialized, skipping
========================================================================
Worker process is ready to serve import requests
Launched and connected shader compiler UnityShaderCompiler.exe after 0.05 seconds
Refreshing native plugins compatible for Editor in 0.28 ms, found 2 plugins.
Preloading 0 native plugins for Editor in 0.00 ms.
Unloading 1832 Unused Serialized files (Serialized files now loaded: 0)
System memory in use before: 80.8 MB.
System memory in use after: 80.9 MB.

Unloading 23 unused Assets to reduce memory usage. Loaded Objects now: 2261.
Total: 3.013000 ms (FindLiveObjects: 0.130100 ms CreateObjectMapping: 0.028300 ms MarkObjects: 2.755700 ms  DeleteObjects: 0.097400 ms)

AssetImportParameters requested are different than current active one (requested -> active):
  custom:framework-win-MediaFoundation: 216162199b28c13a410421893ffa2e32 -> 
  custom:video-decoder-ogg-theora: a1e56fd34408186e4bbccfd4996cb3dc -> 
  custom:container-muxer-webm: aa71ff27fc2769a1b78a27578f13a17b -> 
  custom:container-demuxer-webm: 4f35f7cbe854078d1ac9338744f61a02 -> 
  custom:container-demuxer-ogg: 62fdf1f143b41e24485cea50d1cbac27 -> 
  custom:video-encoder-webm-vp8: eb34c28f22e8b96e1ab97ce403110664 -> 
  custom:video-decoder-webm-vp8: 9c59270c3fd7afecdb556c50c9e8de78 -> 
  custom:audio-decoder-ogg-vorbis: bf7c407c2cedff20999df2af8eb42d56 -> 
  custom:audio-encoder-webm-vorbis: bf7c407c2cedff20999df2af8eb42d56 -> 
========================================================================
Received Import Request.
  path: Assets/Mirror/Notice.txt
  artifactKey: Guid(1a7b49ad188074707b004e7bb8824857) Importer(815301076,1909f56bfc062723c751e8b465ee728b)
Start importing Assets/Mirror/Notice.txt using Guid(1a7b49ad188074707b004e7bb8824857) Importer(815301076,1909f56bfc062723c751e8b465ee728b)  -> (artifact id: 'c099518c59596016fb1000c3784ccfbf') in 0.069743 seconds 
  Import took 0.071817 seconds .

========================================================================
Received Import Request.
  Time since last request: 0.000252 seconds.
  path: Assets/Mirror/Readme.txt
  artifactKey: Guid(f6d84e019c68446f28415a923b460a03) Importer(815301076,1909f56bfc062723c751e8b465ee728b)
Start importing Assets/Mirror/Readme.txt using Guid(f6d84e019c68446f28415a923b460a03) Importer(815301076,1909f56bfc062723c751e8b465ee728b)  -> (artifact id: '4d956e2522642fb626cb0e4429818019') in 0.001697 seconds 
  Import took 0.004175 seconds .

========================================================================
Received Import Request.
  Time since last request: 3.502738 seconds.
  path: Assets/Mirror/Version.txt
  artifactKey: Guid(c6b1f72568a9340178b4c34608fbdbc3) Importer(815301076,1909f56bfc062723c751e8b465ee728b)
Start importing Assets/Mirror/Version.txt using Guid(c6b1f72568a9340178b4c34608fbdbc3) Importer(815301076,1909f56bfc062723c751e8b465ee728b)  -> (artifact id: 'fc267d1d523def704d7db442f09cbf47') in 0.002035 seconds 
  Import took 0.005542 seconds .

========================================================================
Received Import Request.
  Time since last request: 530.933825 seconds.
  path: Assets/Mirror/Examples/Pong/Prefabs/Ball.prefab
  artifactKey: Guid(5f7a7f34494ed40268eff49dbf9168bf) Importer(815301076,1909f56bfc062723c751e8b465ee728b)
Start importing Assets/Mirror/Examples/Pong/Prefabs/Ball.prefab using Guid(5f7a7f34494ed40268eff49dbf9168bf) Importer(815301076,1909f56bfc062723c751e8b465ee728b)  -> (artifact id: '11000f377d8e1b22cabc650751ee8dc3') in 0.069513 seconds 
  Import took 0.072023 seconds .

========================================================================
Received Import Request.
  Time since last request: 0.000410 seconds.
  path: Assets/Mirror/Examples/AdditiveLevels/Prefabs/Cube.prefab
  artifactKey: Guid(7c6a0a278eba11e44b9a86cd4da603df) Importer(815301076,1909f56bfc062723c751e8b465ee728b)
Start importing Assets/Mirror/Examples/AdditiveLevels/Prefabs/Cube.prefab using Guid(7c6a0a278eba11e44b9a86cd4da603df) Importer(815301076,1909f56bfc062723c751e8b465ee728b)  -> (artifact id: 'c3475a654a20393b17bb4d530df08f6a') in 0.058820 seconds 
  Import took 0.061331 seconds .

========================================================================
Received Import Request.
  Time since last request: 0.000342 seconds.
  path: Assets/Mirror/Examples/AdditiveScenes/Prefabs/Capsule.prefab
  artifactKey: Guid(e1971f4a8c7661546bc509b44bd91b80) Importer(815301076,1909f56bfc062723c751e8b465ee728b)
Start importing Assets/Mirror/Examples/AdditiveScenes/Prefabs/Capsule.prefab using Guid(e1971f4a8c7661546bc509b44bd91b80) Importer(815301076,1909f56bfc062723c751e8b465ee728b)  -> (artifact id: '5d65feed5b86aa89deab9bd8e03ad670') in 0.017032 seconds 
  Import took 0.019425 seconds .

========================================================================
Received Import Request.
  Time since last request: 0.000343 seconds.
  path: Assets/Mirror/Examples/Room/Prefabs/GamePlayer.prefab
  artifactKey: Guid(21daf89214c6ee443ad6875b73083c60) Importer(815301076,1909f56bfc062723c751e8b465ee728b)
Start importing Assets/Mirror/Examples/Room/Prefabs/GamePlayer.prefab using Guid(21daf89214c6ee443ad6875b73083c60) Importer(815301076,1909f56bfc062723c751e8b465ee728b)  -> (artifact id: '8108be9e17f782a9d4c208a8e7104d9b') in 0.014302 seconds 
  Import took 0.016920 seconds .

========================================================================
Received Import Request.
  Time since last request: 0.000200 seconds.
  path: Assets/Mirror/Examples/AdditiveScenes/Prefabs/Cylinder.prefab
  artifactKey: Guid(12a4c14e672c00b4b840f937d824b890) Importer(815301076,1909f56bfc062723c751e8b465ee728b)
Start importing Assets/Mirror/Examples/AdditiveScenes/Prefabs/Cylinder.prefab using Guid(12a4c14e672c00b4b840f937d824b890) Importer(815301076,1909f56bfc062723c751e8b465ee728b)  -> (artifact id: 'f26800cf940166dbf98f55de0feadc95') in 0.006555 seconds 
  Import took 0.009088 seconds .

========================================================================
Received Import Request.
  Time since last request: 0.000203 seconds.
  path: Assets/Mirror/Examples/MultipleMatches/Prefabs/CellGUI.prefab
  artifactKey: Guid(5ab8c221183f0094eb04b7f6eb569e7b) Importer(815301076,1909f56bfc062723c751e8b465ee728b)
Start importing Assets/Mirror/Examples/MultipleMatches/Prefabs/CellGUI.prefab using Guid(5ab8c221183f0094eb04b7f6eb569e7b) Importer(815301076,1909f56bfc062723c751e8b465ee728b)  -> (artifact id: '6f76483852e986b4ca57ecc41bfe99f8') in 0.010660 seconds 
  Import took 0.012775 seconds .

========================================================================
Received Import Request.
  Time since last request: 0.000273 seconds.
  path: Assets/Mirror/Examples/AdditiveScenes/Prefabs/Cube.prefab
  artifactKey: Guid(4ff300cf6bb3c6342a9552c4f18788c8) Importer(815301076,1909f56bfc062723c751e8b465ee728b)
Start importing Assets/Mirror/Examples/AdditiveScenes/Prefabs/Cube.prefab using Guid(4ff300cf6bb3c6342a9552c4f18788c8) Importer(815301076,1909f56bfc062723c751e8b465ee728b)  -> (artifact id: '96b413ced8187ed58081c079cc7d8389') in 0.007986 seconds 
  Import took 0.010710 seconds .

========================================================================
Received Prepare
Registering precompiled user dll's ...
Registered in 0.002465 seconds.
Begin MonoManager ReloadAssembly
Native extension for WindowsStandalone target not found
Refreshing native plugins compatible for Editor in 0.29 ms, found 2 plugins.
Preloading 0 native plugins for Editor in 0.00 ms.
Mono: successfully reloaded assembly
- Completed reload, in  0.654 seconds
Domain Reload Profiling:
	ReloadAssembly (654ms)
		BeginReloadAssembly (89ms)
			ExecutionOrderSort (0ms)
			DisableScriptedObjects (2ms)
			BackupInstance (0ms)
			ReleaseScriptingObjects (0ms)
			CreateAndSetChildDomain (29ms)
		EndReloadAssembly (526ms)
			LoadAssemblies (59ms)
			RebuildTransferFunctionScriptingTraits (0ms)
			SetupTypeCache (198ms)
			ReleaseScriptCaches (1ms)
			RebuildScriptCaches (22ms)
			SetupLoadedEditorAssemblies (191ms)
				LogAssemblyErrors (0ms)
				InitializePlatformSupportModulesInManaged (3ms)
				SetLoadedEditorAssemblies (0ms)
				RefreshPlugins (0ms)
				BeforeProcessingInitializeOnLoad (45ms)
				ProcessInitializeOnLoadAttributes (127ms)
				ProcessInitializeOnLoadMethodAttributes (13ms)
				AfterProcessingInitializeOnLoad (1ms)
				EditorAssembliesLoaded (0ms)
			ExecutionOrderSort2 (0ms)
			AwakeInstancesAfterBackupRestoration (5ms)
Platform modules already initialized, skipping
Refreshing native plugins compatible for Editor in 0.34 ms, found 2 plugins.
Preloading 0 native plugins for Editor in 0.00 ms.
Unloading 1826 Unused Serialized files (Serialized files now loaded: 0)
System memory in use before: 83.9 MB.
System memory in use after: 84.0 MB.

Unloading 19 unused Assets to reduce memory usage. Loaded Objects now: 2273.
Total: 2.140000 ms (FindLiveObjects: 0.126500 ms CreateObjectMapping: 0.036300 ms MarkObjects: 1.951800 ms  DeleteObjects: 0.024200 ms)

AssetImportParameters requested are different than current active one (requested -> active):
  custom:framework-win-MediaFoundation: 216162199b28c13a410421893ffa2e32 -> 
  custom:video-decoder-ogg-theora: a1e56fd34408186e4bbccfd4996cb3dc -> 
  custom:container-muxer-webm: aa71ff27fc2769a1b78a27578f13a17b -> 
  custom:container-demuxer-webm: 4f35f7cbe854078d1ac9338744f61a02 -> 
  custom:container-demuxer-ogg: 62fdf1f143b41e24485cea50d1cbac27 -> 
  custom:video-encoder-webm-vp8: eb34c28f22e8b96e1ab97ce403110664 -> 
  custom:video-decoder-webm-vp8: 9c59270c3fd7afecdb556c50c9e8de78 -> 
  custom:audio-decoder-ogg-vorbis: bf7c407c2cedff20999df2af8eb42d56 -> 
  custom:audio-encoder-webm-vorbis: bf7c407c2cedff20999df2af8eb42d56 -> 
========================================================================
Received Import Request.
  Time since last request: 55.925354 seconds.
  path: Assets/Mirror/Examples/MultipleMatches/Prefabs/MatchPlayer.prefab
  artifactKey: Guid(11d2414f1e120a14c98cba6866e5348f) Importer(815301076,1909f56bfc062723c751e8b465ee728b)
Start importing Assets/Mirror/Examples/MultipleMatches/Prefabs/MatchPlayer.prefab using Guid(11d2414f1e120a14c98cba6866e5348f) Importer(815301076,1909f56bfc062723c751e8b465ee728b)  -> (artifact id: '9ef404cbcb8a3552a7c898db91959e96') in 0.024925 seconds 
  Import took 0.027692 seconds .

========================================================================
Received Import Request.
  Time since last request: 0.000373 seconds.
  path: Assets/Mirror/Examples/MultipleAdditiveScenes/Prefabs/Player.prefab
  artifactKey: Guid(1f4d376d8ca693049abd1744e4c79fad) Importer(815301076,1909f56bfc062723c751e8b465ee728b)
Start importing Assets/Mirror/Examples/MultipleAdditiveScenes/Prefabs/Player.prefab using Guid(1f4d376d8ca693049abd1744e4c79fad) Importer(815301076,1909f56bfc062723c751e8b465ee728b)  -> (artifact id: 'bd06b0a473d607502da841c570eeedc0') in 0.031757 seconds 
  Import took 0.034072 seconds .

========================================================================
Received Import Request.
  Time since last request: 0.000275 seconds.
  path: Assets/Mirror/Examples/AdditiveLevels/Prefabs/Plane.prefab
  artifactKey: Guid(4fdcc4aa5c669b348a5954a92f5e8e89) Importer(815301076,1909f56bfc062723c751e8b465ee728b)
Start importing Assets/Mirror/Examples/AdditiveLevels/Prefabs/Plane.prefab using Guid(4fdcc4aa5c669b348a5954a92f5e8e89) Importer(815301076,1909f56bfc062723c751e8b465ee728b)  -> (artifact id: 'bc6b64ccb306c2bbf4fbe608b81d8eda') in 0.021177 seconds 
  Import took 0.023306 seconds .

========================================================================
Received Import Request.
  Time since last request: 0.000287 seconds.
  path: Assets/Mirror/Examples/CCU/Player.prefab
  artifactKey: Guid(614e28b6213c14195b8661c153bf4ee4) Importer(815301076,1909f56bfc062723c751e8b465ee728b)
Start importing Assets/Mirror/Examples/CCU/Player.prefab using Guid(614e28b6213c14195b8661c153bf4ee4) Importer(815301076,1909f56bfc062723c751e8b465ee728b)  -> (artifact id: '4e8d93fb513fead879135cd9cfd688dc') in 0.133161 seconds 
  Import took 0.135434 seconds .

========================================================================
Received Import Request.
  Time since last request: 0.000306 seconds.
  path: Assets/Mirror/Examples/TanksCoop/Prefabs/Player.prefab
  artifactKey: Guid(ed5ad50f0736c40f28c9ffc195b0a5f5) Importer(815301076,1909f56bfc062723c751e8b465ee728b)
Start importing Assets/Mirror/Examples/TanksCoop/Prefabs/Player.prefab using Guid(ed5ad50f0736c40f28c9ffc195b0a5f5) Importer(815301076,1909f56bfc062723c751e8b465ee728b)  -> (artifact id: '3ee2a21adf01295433eb36941b3f9a03') in 0.037699 seconds 
  Import took 0.039819 seconds .

========================================================================
Received Import Request.
  Time since last request: 0.000320 seconds.
  path: Assets/Mirror/Examples/BenchmarkIdle/Player.prefab
  artifactKey: Guid(c07d22724e9914db19b931058fd2111e) Importer(815301076,1909f56bfc062723c751e8b465ee728b)
Start importing Assets/Mirror/Examples/BenchmarkIdle/Player.prefab using Guid(c07d22724e9914db19b931058fd2111e) Importer(815301076,1909f56bfc062723c751e8b465ee728b)  -> (artifact id: '87a4a3eee133f8881826a4e19faa0d41') in 0.007959 seconds 
  Import took 0.010906 seconds .

========================================================================
Received Import Request.
  Time since last request: 0.000299 seconds.
  path: Assets/Mirror/Examples/BenchmarkIdle/Npc.prefab
  artifactKey: Guid(0ea79775d59804682a8cdd46b3811344) Importer(815301076,1909f56bfc062723c751e8b465ee728b)
Start importing Assets/Mirror/Examples/BenchmarkIdle/Npc.prefab using Guid(0ea79775d59804682a8cdd46b3811344) Importer(815301076,1909f56bfc062723c751e8b465ee728b)  -> (artifact id: '98d545e7e081797de70b5e0b976650a7') in 0.059668 seconds 
  Import took 0.061865 seconds .

========================================================================
Received Import Request.
  Time since last request: 0.000510 seconds.
  path: Assets/Mirror/Examples/SyncDirection/Player.prefab
  artifactKey: Guid(c1affccc0b0c040a486023a5cff7fd46) Importer(815301076,1909f56bfc062723c751e8b465ee728b)
Start importing Assets/Mirror/Examples/SyncDirection/Player.prefab using Guid(c1affccc0b0c040a486023a5cff7fd46) Importer(815301076,1909f56bfc062723c751e8b465ee728b)  -> (artifact id: '34b4dc8c79c73f86d84a8d53c9bb22e5') in 0.009030 seconds 
  Import took 0.011251 seconds .

========================================================================
Received Import Request.
  Time since last request: 0.000319 seconds.
  path: Assets/Mirror/Examples/Benchmark/Prefabs/Monster.prefab
  artifactKey: Guid(30b8f251d03d84284b70601e691d474f) Importer(815301076,1909f56bfc062723c751e8b465ee728b)
Start importing Assets/Mirror/Examples/Benchmark/Prefabs/Monster.prefab using Guid(30b8f251d03d84284b70601e691d474f) Importer(815301076,1909f56bfc062723c751e8b465ee728b)  -> (artifact id: '6457bf3ce721f9e5c221523c78c1138a') in 0.021701 seconds 
  Import took 0.024014 seconds .

========================================================================
Received Import Request.
  Time since last request: 0.000316 seconds.
  path: Assets/Mirror/Examples/CCU/Monster.prefab
  artifactKey: Guid(d0f3b049f6bef4cc6930c57a2146ca52) Importer(815301076,1909f56bfc062723c751e8b465ee728b)
Start importing Assets/Mirror/Examples/CCU/Monster.prefab using Guid(d0f3b049f6bef4cc6930c57a2146ca52) Importer(815301076,1909f56bfc062723c751e8b465ee728b)  -> (artifact id: 'be4f7c8afbd7a2bce9100dbc62bb3ee7') in 0.038245 seconds 
  Import took 0.040491 seconds .

========================================================================
Received Import Request.
  Time since last request: 0.000395 seconds.
  path: Assets/Mirror/Examples/Discovery/Prefabs/Player.prefab
  artifactKey: Guid(ecd52c53a6ef7496693343d3e32dace1) Importer(815301076,1909f56bfc062723c751e8b465ee728b)
Start importing Assets/Mirror/Examples/Discovery/Prefabs/Player.prefab using Guid(ecd52c53a6ef7496693343d3e32dace1) Importer(815301076,1909f56bfc062723c751e8b465ee728b)  -> (artifact id: 'c0e741658567096707795cc429a00e87') in 0.005756 seconds 
  Import took 0.007993 seconds .

========================================================================
Received Import Request.
  Time since last request: 3.800321 seconds.
  path: Assets/Mirror/Examples/AdditiveScenes/Prefabs/Player.prefab
  artifactKey: Guid(a5bdca0a2315d43499be7dcef473fbc7) Importer(815301076,1909f56bfc062723c751e8b465ee728b)
Start importing Assets/Mirror/Examples/AdditiveScenes/Prefabs/Player.prefab using Guid(a5bdca0a2315d43499be7dcef473fbc7) Importer(815301076,1909f56bfc062723c751e8b465ee728b)  -> (artifact id: '069566f862b4bd9e4d7b37070917c42e') in 0.008868 seconds 
  Import took 0.011949 seconds .

========================================================================
Received Import Request.
  Time since last request: 0.000342 seconds.
  path: Assets/Mirror/Examples/Chat/Prefabs/Player.prefab
  artifactKey: Guid(e5905ffa27de84009b346b49d518ba03) Importer(815301076,1909f56bfc062723c751e8b465ee728b)
Start importing Assets/Mirror/Examples/Chat/Prefabs/Player.prefab using Guid(e5905ffa27de84009b346b49d518ba03) Importer(815301076,1909f56bfc062723c751e8b465ee728b)  -> (artifact id: '07188147d705685f68b23093b90dd0ed') in 0.003866 seconds 
  Import took 0.006234 seconds .

========================================================================
Received Import Request.
  Time since last request: 0.484786 seconds.
  path: Assets/Mirror/Examples/Benchmark/Prefabs/Player.prefab
  artifactKey: Guid(e1299008405d14b17b1ca459a6cd44a2) Importer(815301076,1909f56bfc062723c751e8b465ee728b)
Start importing Assets/Mirror/Examples/Benchmark/Prefabs/Player.prefab using Guid(e1299008405d14b17b1ca459a6cd44a2) Importer(815301076,1909f56bfc062723c751e8b465ee728b)  -> (artifact id: 'b66348b3ea2a541ca7e594be6c5da3d8') in 0.007684 seconds 
  Import took 0.011798 seconds .

========================================================================
Received Import Request.
  Time since last request: 0.000297 seconds.
  path: Assets/Mirror/Examples/Basic/Prefabs/Player.prefab
  artifactKey: Guid(dc2c4328591bef748abb8df795c17202) Importer(815301076,1909f56bfc062723c751e8b465ee728b)
Start importing Assets/Mirror/Examples/Basic/Prefabs/Player.prefab using Guid(dc2c4328591bef748abb8df795c17202) Importer(815301076,1909f56bfc062723c751e8b465ee728b)  -> (artifact id: 'c86c1c4cafb66e3a77d51ece61896088') in 0.013041 seconds 
  Import took 0.015512 seconds .

========================================================================
Received Import Request.
  Time since last request: 0.024028 seconds.
  path: Assets/Mirror/Examples/AdditiveLevels/Prefabs/Player.prefab
  artifactKey: Guid(9f0094c1325091d42a558274b947221f) Importer(815301076,1909f56bfc062723c751e8b465ee728b)
Start importing Assets/Mirror/Examples/AdditiveLevels/Prefabs/Player.prefab using Guid(9f0094c1325091d42a558274b947221f) Importer(815301076,1909f56bfc062723c751e8b465ee728b)  -> (artifact id: 'f33759026207b74c49c9084136f7d2b1') in 0.006798 seconds 
  Import took 0.009055 seconds .

========================================================================
Received Import Request.
  Time since last request: 0.000284 seconds.
  path: Assets/Mirror/Examples/RigidbodyPhysics/Prefabs/Player Ball.prefab
  artifactKey: Guid(c6cf80717befa4eee90b94e6b416b0ca) Importer(815301076,1909f56bfc062723c751e8b465ee728b)
Start importing Assets/Mirror/Examples/RigidbodyPhysics/Prefabs/Player Ball.prefab using Guid(c6cf80717befa4eee90b94e6b416b0ca) Importer(815301076,1909f56bfc062723c751e8b465ee728b)  -> (artifact id: 'ec91945b479663bb1679b8158ae05176') in 0.008669 seconds 
  Import took 0.010855 seconds .

========================================================================
Received Import Request.
  Time since last request: 0.383152 seconds.
  path: Assets/Mirror/Examples/RigidbodyBenchmark/Prefabs/Player Ball.prefab
  artifactKey: Guid(f2727d7d9d2ae43dc8757c9c45e889f3) Importer(815301076,1909f56bfc062723c751e8b465ee728b)
Start importing Assets/Mirror/Examples/RigidbodyBenchmark/Prefabs/Player Ball.prefab using Guid(f2727d7d9d2ae43dc8757c9c45e889f3) Importer(815301076,1909f56bfc062723c751e8b465ee728b)  -> (artifact id: '9732b72509ce4f69c42787dca47f7c7e') in 0.006556 seconds 
  Import took 0.010364 seconds .

========================================================================
Received Import Request.
  Time since last request: 0.000310 seconds.
  path: Assets/Mirror/Examples/MultipleMatches/Prefabs/PlayerGUI.prefab
  artifactKey: Guid(504f86497324bc040be44f6f88b6cc73) Importer(815301076,1909f56bfc062723c751e8b465ee728b)
Start importing Assets/Mirror/Examples/MultipleMatches/Prefabs/PlayerGUI.prefab using Guid(504f86497324bc040be44f6f88b6cc73) Importer(815301076,1909f56bfc062723c751e8b465ee728b)  -> (artifact id: '538128057145ccbdb52209f991693654') in 0.005663 seconds 
  Import took 0.009013 seconds .

========================================================================
Received Import Request.
  Time since last request: 0.014538 seconds.
  path: Assets/Mirror/Examples/Basic/Prefabs/PlayerUI.prefab
  artifactKey: Guid(22f1fa3a0aff72b46a371f667bb4fb30) Importer(815301076,1909f56bfc062723c751e8b465ee728b)
Start importing Assets/Mirror/Examples/Basic/Prefabs/PlayerUI.prefab using Guid(22f1fa3a0aff72b46a371f667bb4fb30) Importer(815301076,1909f56bfc062723c751e8b465ee728b)  -> (artifact id: 'e79cb49c13770e1c48495a1002e1fd14') in 0.006069 seconds 
  Import took 0.009089 seconds .

========================================================================
Received Import Request.
  Time since last request: 0.000362 seconds.
  path: Assets/Mirror/Examples/AdditiveLevels/Prefabs/Portal.prefab
  artifactKey: Guid(c624c75494b4d7d4086b9212f897e56a) Importer(815301076,1909f56bfc062723c751e8b465ee728b)
Start importing Assets/Mirror/Examples/AdditiveLevels/Prefabs/Portal.prefab using Guid(c624c75494b4d7d4086b9212f897e56a) Importer(815301076,1909f56bfc062723c751e8b465ee728b)  -> (artifact id: '64fbca51f0c069c01f5a53936d2e2442') in 0.142623 seconds 
  Import took 0.144999 seconds .

========================================================================
Received Import Request.
  Time since last request: 0.170929 seconds.
  path: Assets/Mirror/Examples/MultipleAdditiveScenes/Prefabs/Prize.prefab
  artifactKey: Guid(8cec47ed46e0eff45966a5173d3aa0d3) Importer(815301076,1909f56bfc062723c751e8b465ee728b)
Start importing Assets/Mirror/Examples/MultipleAdditiveScenes/Prefabs/Prize.prefab using Guid(8cec47ed46e0eff45966a5173d3aa0d3) Importer(815301076,1909f56bfc062723c751e8b465ee728b)  -> (artifact id: 'ec2852855d4b85bf59a4f153cd0cfcf6') in 0.007604 seconds 
  Import took 0.012702 seconds .

========================================================================
Received Import Request.
  Time since last request: 0.000273 seconds.
  path: Assets/Mirror/Examples/Room/Prefabs/Prize.prefab
  artifactKey: Guid(52f1c9ea06cfd154cb68ff9d1b66fc13) Importer(815301076,1909f56bfc062723c751e8b465ee728b)
Start importing Assets/Mirror/Examples/Room/Prefabs/Prize.prefab using Guid(52f1c9ea06cfd154cb68ff9d1b66fc13) Importer(815301076,1909f56bfc062723c751e8b465ee728b)  -> (artifact id: '580e45e60b3b320cbc674b667f4b2c80') in 0.009533 seconds 
  Import took 0.011730 seconds .

========================================================================
Received Import Request.
  Time since last request: 0.007155 seconds.
  path: Assets/Mirror/Examples/Tanks/Prefabs/Projectile.prefab
  artifactKey: Guid(b7dd46dbf38c643f09e206f9fa4be008) Importer(815301076,1909f56bfc062723c751e8b465ee728b)
Start importing Assets/Mirror/Examples/Tanks/Prefabs/Projectile.prefab using Guid(b7dd46dbf38c643f09e206f9fa4be008) Importer(815301076,1909f56bfc062723c751e8b465ee728b)  -> (artifact id: 'daa94ccc452e1dcf6f2dbdf97b0cc190') in 0.009983 seconds 
  Import took 0.012830 seconds .

========================================================================
Received Import Request.
  Time since last request: 0.000322 seconds.
  path: Assets/Mirror/Examples/TanksCoop/Prefabs/Projectile.prefab
  artifactKey: Guid(aec853915cd4f4477ba1532b5fe05488) Importer(815301076,1909f56bfc062723c751e8b465ee728b)
Start importing Assets/Mirror/Examples/TanksCoop/Prefabs/Projectile.prefab using Guid(aec853915cd4f4477ba1532b5fe05488) Importer(815301076,1909f56bfc062723c751e8b465ee728b)  -> (artifact id: 'bfc735c88ea05dd7f59255baa1bb7ca7') in 0.006502 seconds 
  Import took 0.009124 seconds .

========================================================================
Received Import Request.
  Time since last request: 0.018095 seconds.
  path: Assets/Mirror/Examples/Pong/Prefabs/Racket.prefab
  artifactKey: Guid(b1651eaf8c7564a1c86031dfbb8a7b28) Importer(815301076,1909f56bfc062723c751e8b465ee728b)
Start importing Assets/Mirror/Examples/Pong/Prefabs/Racket.prefab using Guid(b1651eaf8c7564a1c86031dfbb8a7b28) Importer(815301076,1909f56bfc062723c751e8b465ee728b)  -> (artifact id: 'c0f691559c2e53da8ed41a57c5a0e61d') in 0.006940 seconds 
  Import took 0.009181 seconds .

========================================================================
Received Import Request.
  Time since last request: 0.000267 seconds.
  path: Assets/Mirror/Examples/Tanks/Models/(Public Domain) Recon_Tank/reconTank.fbx
  artifactKey: Guid(38b49695fc0a4418bbc350f2366660c5) Importer(815301076,1909f56bfc062723c751e8b465ee728b)
Start importing Assets/Mirror/Examples/Tanks/Models/(Public Domain) Recon_Tank/reconTank.fbx using Guid(38b49695fc0a4418bbc350f2366660c5) Importer(815301076,1909f56bfc062723c751e8b465ee728b)  -> (artifact id: 'c8860de847ee34ffa12f032bb7919fe1') in 0.108178 seconds 
  Import took 0.110496 seconds .

========================================================================
Received Import Request.
  Time since last request: 0.000260 seconds.
  path: Assets/Mirror/Examples/Room/Prefabs/RoomPlayer.prefab
  artifactKey: Guid(deae2134a1d77704b9c595efe69767dd) Importer(815301076,1909f56bfc062723c751e8b465ee728b)
Start importing Assets/Mirror/Examples/Room/Prefabs/RoomPlayer.prefab using Guid(deae2134a1d77704b9c595efe69767dd) Importer(815301076,1909f56bfc062723c751e8b465ee728b)  -> (artifact id: '5f0c591853a4801ea66dbe78a08a2952') in 0.003978 seconds 
  Import took 0.006872 seconds .

========================================================================
Received Import Request.
  Time since last request: 0.510984 seconds.
  path: Assets/Mirror/Examples/RigidbodyBenchmark/Prefabs/Server Ball.prefab
  artifactKey: Guid(d61a7422206054cc8974b0d32ffebef5) Importer(815301076,1909f56bfc062723c751e8b465ee728b)
Start importing Assets/Mirror/Examples/RigidbodyBenchmark/Prefabs/Server Ball.prefab using Guid(d61a7422206054cc8974b0d32ffebef5) Importer(815301076,1909f56bfc062723c751e8b465ee728b)  -> (artifact id: '253493773b351dae7c5fd61248926808') in 0.008499 seconds 
  Import took 0.012424 seconds .

========================================================================
Received Import Request.
  Time since last request: 0.000952 seconds.
  path: Assets/Mirror/Examples/AdditiveLevels/Prefabs/Sphere.prefab
  artifactKey: Guid(e588080aa542be54d9ca9d5c734dc9ee) Importer(815301076,1909f56bfc062723c751e8b465ee728b)
Start importing Assets/Mirror/Examples/AdditiveLevels/Prefabs/Sphere.prefab using Guid(e588080aa542be54d9ca9d5c734dc9ee) Importer(815301076,1909f56bfc062723c751e8b465ee728b)  -> (artifact id: '1ce319f1cbfb1dda006cbbc049aef530') in 0.009101 seconds 
  Import took 0.013306 seconds .

========================================================================
Received Import Request.
  Time since last request: 0.000293 seconds.
  path: Assets/Mirror/Examples/AdditiveScenes/Prefabs/Sphere.prefab
  artifactKey: Guid(f6d08eb9a8e35d84fa30a7e3ae64181a) Importer(815301076,1909f56bfc062723c751e8b465ee728b)
Start importing Assets/Mirror/Examples/AdditiveScenes/Prefabs/Sphere.prefab using Guid(f6d08eb9a8e35d84fa30a7e3ae64181a) Importer(815301076,1909f56bfc062723c751e8b465ee728b)  -> (artifact id: '5d70e29b097796121e79865a98a468f5') in 0.006939 seconds 
  Import took 0.009484 seconds .

========================================================================
Received Import Request.
  Time since last request: 0.007406 seconds.
  path: Assets/Mirror/Examples/AdditiveLevels/Prefabs/StartPoint.prefab
  artifactKey: Guid(849c125c9d8094249b3c664da1cd143a) Importer(815301076,1909f56bfc062723c751e8b465ee728b)
Start importing Assets/Mirror/Examples/AdditiveLevels/Prefabs/StartPoint.prefab using Guid(849c125c9d8094249b3c664da1cd143a) Importer(815301076,1909f56bfc062723c751e8b465ee728b)  -> (artifact id: '9fe830f4369d90b1635bda963fe63ce9') in 0.006348 seconds 
  Import took 0.009694 seconds .

========================================================================
Received Import Request.
  Time since last request: 0.313464 seconds.
  path: Assets/Mirror/Examples/Tanks/Prefabs/Tank.prefab
  artifactKey: Guid(6f43bf5488a7443d19ab2a83c6b91f35) Importer(815301076,1909f56bfc062723c751e8b465ee728b)
Start importing Assets/Mirror/Examples/Tanks/Prefabs/Tank.prefab using Guid(6f43bf5488a7443d19ab2a83c6b91f35) Importer(815301076,1909f56bfc062723c751e8b465ee728b)  -> (artifact id: '33ad163d469706d102b266c25a72459f') in 0.174254 seconds 
  Import took 0.177273 seconds .

========================================================================
Received Import Request.
  Time since last request: 0.000298 seconds.
  path: Assets/Mirror/Examples/AdditiveScenes/Prefabs/Zone.prefab
  artifactKey: Guid(de939020b5e2aa5489ebcc4002d75d54) Importer(815301076,1909f56bfc062723c751e8b465ee728b)
Start importing Assets/Mirror/Examples/AdditiveScenes/Prefabs/Zone.prefab using Guid(de939020b5e2aa5489ebcc4002d75d54) Importer(815301076,1909f56bfc062723c751e8b465ee728b)  -> (artifact id: 'ff9f33356e4504f30b88b22e911c0ba1') in 0.003463 seconds 
  Import took 0.006365 seconds .

========================================================================
Received Import Request.
  Time since last request: 0.000393 seconds.
  path: Assets/Mirror/Examples/TanksCoop/Prefabs/TankShared.prefab
  artifactKey: Guid(d502982feecd043d8bfc6a5c64cd09f9) Importer(815301076,1909f56bfc062723c751e8b465ee728b)
Start importing Assets/Mirror/Examples/TanksCoop/Prefabs/TankShared.prefab using Guid(d502982feecd043d8bfc6a5c64cd09f9) Importer(815301076,1909f56bfc062723c751e8b465ee728b)  -> (artifact id: 'a33aa8d5c055eaeedf95e50288ab728c') in 0.015387 seconds 
  Import took 0.018193 seconds .

========================================================================
Received Import Request.
  Time since last request: 0.000253 seconds.
  path: Assets/Mirror/Examples/AdditiveScenes/Prefabs/Tank.prefab
  artifactKey: Guid(ab222ed73ada1ac4ba2f61e843d7627c) Importer(815301076,1909f56bfc062723c751e8b465ee728b)
Start importing Assets/Mirror/Examples/AdditiveScenes/Prefabs/Tank.prefab using Guid(ab222ed73ada1ac4ba2f61e843d7627c) Importer(815301076,1909f56bfc062723c751e8b465ee728b)  -> (artifact id: '70147bc7181962fb1afe5989994b6a76') in 0.013236 seconds 
  Import took 0.015964 seconds .

========================================================================
Received Import Request.
  Time since last request: 13.580247 seconds.
  path: Assets/Mirror/Examples/MultipleMatches/Prefabs/MatchController.prefab
  artifactKey: Guid(e101d385946c91b4c81f318efc723a88) Importer(815301076,1909f56bfc062723c751e8b465ee728b)
Start importing Assets/Mirror/Examples/MultipleMatches/Prefabs/MatchController.prefab using Guid(e101d385946c91b4c81f318efc723a88) Importer(815301076,1909f56bfc062723c751e8b465ee728b)  -> (artifact id: '6683834bcb38bb1df7de24971f639439') in 0.013668 seconds 
  Import took 0.016599 seconds .

========================================================================
Received Import Request.
  Time since last request: 0.000286 seconds.
  path: Assets/Mirror/Examples/MultipleMatches/Prefabs/MatchGUI.prefab
  artifactKey: Guid(df3727c2222378b4ca786485a8b09981) Importer(815301076,1909f56bfc062723c751e8b465ee728b)
Start importing Assets/Mirror/Examples/MultipleMatches/Prefabs/MatchGUI.prefab using Guid(df3727c2222378b4ca786485a8b09981) Importer(815301076,1909f56bfc062723c751e8b465ee728b)  -> (artifact id: '90686f0b8a6b26afd2a98aaa070891b9') in 0.008312 seconds 
  Import took 0.010571 seconds .

========================================================================
Received Import Request.
  Time since last request: 0.000378 seconds.
  path: Assets/Mirror/Examples/MultipleAdditiveScenes/Models/Icosphere/Icosphere.obj
  artifactKey: Guid(1fe56a0e685b8434ebfeb53c69b59a5e) Importer(815301076,1909f56bfc062723c751e8b465ee728b)
Start importing Assets/Mirror/Examples/MultipleAdditiveScenes/Models/Icosphere/Icosphere.obj using Guid(1fe56a0e685b8434ebfeb53c69b59a5e) Importer(815301076,1909f56bfc062723c751e8b465ee728b)  -> (artifact id: 'df383674b8f83d6c11a54fb59d68c343') in 0.047894 seconds 
  Import took 0.050762 seconds .

========================================================================
Received Import Request.
  Time since last request: 0.000530 seconds.
  path: Assets/Mirror/Examples/MultipleAdditiveScenes/Prefabs/Icosphere.prefab
  artifactKey: Guid(a104de86221e66a48832c222471d4f1e) Importer(815301076,1909f56bfc062723c751e8b465ee728b)
Start importing Assets/Mirror/Examples/MultipleAdditiveScenes/Prefabs/Icosphere.prefab using Guid(a104de86221e66a48832c222471d4f1e) Importer(815301076,1909f56bfc062723c751e8b465ee728b)  -> (artifact id: '6f5520cdd5d80c8aa5c3686fbbf9cdf5') in 0.008439 seconds 
  Import took 0.010831 seconds .

========================================================================
Received Import Request.
  Time since last request: 215.659216 seconds.
  path: Assets/_Prefabs/Standard.prefab
  artifactKey: Guid(7a47e5300bc5e1642883251f9c307e48) Importer(815301076,1909f56bfc062723c751e8b465ee728b)
Start importing Assets/_Prefabs/Standard.prefab using Guid(7a47e5300bc5e1642883251f9c307e48) Importer(815301076,1909f56bfc062723c751e8b465ee728b)  -> (artifact id: 'c324894cce2ac99c4c149c3a5704dac9') in 0.031759 seconds 
  Import took 0.034394 seconds .

========================================================================
Received Import Request.
  Time since last request: 149.937257 seconds.
  path: Assets/Scripts/PlayerControl.cs
  artifactKey: Guid(369a03531a8c92343bf2fa67fd93d7f8) Importer(815301076,1909f56bfc062723c751e8b465ee728b)
Start importing Assets/Scripts/PlayerControl.cs using Guid(369a03531a8c92343bf2fa67fd93d7f8) Importer(815301076,1909f56bfc062723c751e8b465ee728b)  -> (artifact id: 'e7788606b73c3f714449c5450435f435') in 0.012559 seconds 
  Import took 0.015036 seconds .

========================================================================
Received Prepare
Registering precompiled user dll's ...
Registered in 0.003443 seconds.
Begin MonoManager ReloadAssembly
Native extension for WindowsStandalone target not found
Refreshing native plugins compatible for Editor in 0.33 ms, found 2 plugins.
Preloading 0 native plugins for Editor in 0.00 ms.
Mono: successfully reloaded assembly
- Completed reload, in  0.882 seconds
Domain Reload Profiling:
	ReloadAssembly (883ms)
		BeginReloadAssembly (94ms)
			ExecutionOrderSort (0ms)
			DisableScriptedObjects (2ms)
			BackupInstance (0ms)
			ReleaseScriptingObjects (0ms)
			CreateAndSetChildDomain (32ms)
		EndReloadAssembly (735ms)
			LoadAssemblies (112ms)
			RebuildTransferFunctionScriptingTraits (0ms)
			SetupTypeCache (276ms)
			ReleaseScriptCaches (1ms)
			RebuildScriptCaches (26ms)
			SetupLoadedEditorAssemblies (237ms)
				LogAssemblyErrors (0ms)
				InitializePlatformSupportModulesInManaged (4ms)
				SetLoadedEditorAssemblies (0ms)
				RefreshPlugins (0ms)
				BeforeProcessingInitializeOnLoad (61ms)
				ProcessInitializeOnLoadAttributes (152ms)
				ProcessInitializeOnLoadMethodAttributes (18ms)
				AfterProcessingInitializeOnLoad (1ms)
				EditorAssembliesLoaded (0ms)
			ExecutionOrderSort2 (0ms)
			AwakeInstancesAfterBackupRestoration (6ms)
Platform modules already initialized, skipping
Refreshing native plugins compatible for Editor in 0.35 ms, found 2 plugins.
Preloading 0 native plugins for Editor in 0.00 ms.
Unloading 1827 Unused Serialized files (Serialized files now loaded: 0)
System memory in use before: 98.2 MB.
System memory in use after: 98.4 MB.

Unloading 20 unused Assets to reduce memory usage. Loaded Objects now: 2318.
Total: 3.498300 ms (FindLiveObjects: 0.209000 ms CreateObjectMapping: 0.068700 ms MarkObjects: 3.165500 ms  DeleteObjects: 0.052500 ms)

AssetImportParameters requested are different than current active one (requested -> active):
  custom:framework-win-MediaFoundation: 216162199b28c13a410421893ffa2e32 -> 
  custom:video-decoder-ogg-theora: a1e56fd34408186e4bbccfd4996cb3dc -> 
  custom:container-muxer-webm: aa71ff27fc2769a1b78a27578f13a17b -> 
  custom:container-demuxer-webm: 4f35f7cbe854078d1ac9338744f61a02 -> 
  custom:container-demuxer-ogg: 62fdf1f143b41e24485cea50d1cbac27 -> 
  custom:video-encoder-webm-vp8: eb34c28f22e8b96e1ab97ce403110664 -> 
  custom:video-decoder-webm-vp8: 9c59270c3fd7afecdb556c50c9e8de78 -> 
  custom:audio-decoder-ogg-vorbis: bf7c407c2cedff20999df2af8eb42d56 -> 
  custom:audio-encoder-webm-vorbis: bf7c407c2cedff20999df2af8eb42d56 -> 
========================================================================
Received Import Request.
  Time since last request: 148.183688 seconds.
  path: Assets/Scripts/PlayerControl.cs
  artifactKey: Guid(369a03531a8c92343bf2fa67fd93d7f8) Importer(815301076,1909f56bfc062723c751e8b465ee728b)
Start importing Assets/Scripts/PlayerControl.cs using Guid(369a03531a8c92343bf2fa67fd93d7f8) Importer(815301076,1909f56bfc062723c751e8b465ee728b)  -> (artifact id: '07b096cfe4663e9da3cda9f22dc201dd') in 0.006603 seconds 
  Import took 0.010297 seconds .

========================================================================
Received Prepare
Registering precompiled user dll's ...
Registered in 0.006208 seconds.
Begin MonoManager ReloadAssembly
Native extension for WindowsStandalone target not found
Refreshing native plugins compatible for Editor in 0.46 ms, found 2 plugins.
Preloading 0 native plugins for Editor in 0.00 ms.
Mono: successfully reloaded assembly
- Completed reload, in  1.448 seconds
Domain Reload Profiling:
	ReloadAssembly (1449ms)
		BeginReloadAssembly (158ms)
			ExecutionOrderSort (0ms)
			DisableScriptedObjects (7ms)
			BackupInstance (0ms)
			ReleaseScriptingObjects (0ms)
			CreateAndSetChildDomain (45ms)
		EndReloadAssembly (1208ms)
			LoadAssemblies (125ms)
			RebuildTransferFunctionScriptingTraits (0ms)
			SetupTypeCache (436ms)
			ReleaseScriptCaches (1ms)
			RebuildScriptCaches (46ms)
			SetupLoadedEditorAssemblies (452ms)
				LogAssemblyErrors (0ms)
				InitializePlatformSupportModulesInManaged (9ms)
				SetLoadedEditorAssemblies (1ms)
				RefreshPlugins (1ms)
				BeforeProcessingInitializeOnLoad (105ms)
				ProcessInitializeOnLoadAttributes (303ms)
				ProcessInitializeOnLoadMethodAttributes (32ms)
				AfterProcessingInitializeOnLoad (3ms)
				EditorAssembliesLoaded (0ms)
			ExecutionOrderSort2 (0ms)
			AwakeInstancesAfterBackupRestoration (8ms)
Platform modules already initialized, skipping
Refreshing native plugins compatible for Editor in 0.47 ms, found 2 plugins.
Preloading 0 native plugins for Editor in 0.00 ms.
Unloading 1827 Unused Serialized files (Serialized files now loaded: 0)
System memory in use before: 98.3 MB.
System memory in use after: 98.4 MB.

Unloading 18 unused Assets to reduce memory usage. Loaded Objects now: 2320.
Total: 3.366000 ms (FindLiveObjects: 0.166100 ms CreateObjectMapping: 0.051900 ms MarkObjects: 3.111200 ms  DeleteObjects: 0.035000 ms)

AssetImportParameters requested are different than current active one (requested -> active):
  custom:framework-win-MediaFoundation: 216162199b28c13a410421893ffa2e32 -> 
  custom:video-decoder-ogg-theora: a1e56fd34408186e4bbccfd4996cb3dc -> 
  custom:container-muxer-webm: aa71ff27fc2769a1b78a27578f13a17b -> 
  custom:container-demuxer-webm: 4f35f7cbe854078d1ac9338744f61a02 -> 
  custom:container-demuxer-ogg: 62fdf1f143b41e24485cea50d1cbac27 -> 
  custom:video-encoder-webm-vp8: eb34c28f22e8b96e1ab97ce403110664 -> 
  custom:video-decoder-webm-vp8: 9c59270c3fd7afecdb556c50c9e8de78 -> 
  custom:audio-decoder-ogg-vorbis: bf7c407c2cedff20999df2af8eb42d56 -> 
  custom:audio-encoder-webm-vorbis: bf7c407c2cedff20999df2af8eb42d56 -> 
========================================================================
Received Import Request.
  Time since last request: 285.495820 seconds.
  path: Assets/Scenes/SampleScene.unity
  artifactKey: Guid(9fc0d4010bbf28b4594072e72b8655ab) Importer(815301076,1909f56bfc062723c751e8b465ee728b)
Start importing Assets/Scenes/SampleScene.unity using Guid(9fc0d4010bbf28b4594072e72b8655ab) Importer(815301076,1909f56bfc062723c751e8b465ee728b)  -> (artifact id: '93dae2e77894983d125977a70e7d5ac6') in 0.015853 seconds 
  Import took 0.019390 seconds .

========================================================================
Received Prepare
Registering precompiled user dll's ...
Registered in 0.002294 seconds.
Begin MonoManager ReloadAssembly
Native extension for WindowsStandalone target not found
Refreshing native plugins compatible for Editor in 0.36 ms, found 2 plugins.
Preloading 0 native plugins for Editor in 0.00 ms.
Mono: successfully reloaded assembly
- Completed reload, in  0.676 seconds
Domain Reload Profiling:
	ReloadAssembly (677ms)
		BeginReloadAssembly (82ms)
			ExecutionOrderSort (0ms)
			DisableScriptedObjects (3ms)
			BackupInstance (0ms)
			ReleaseScriptingObjects (0ms)
			CreateAndSetChildDomain (26ms)
		EndReloadAssembly (555ms)
			LoadAssemblies (61ms)
			RebuildTransferFunctionScriptingTraits (0ms)
			SetupTypeCache (202ms)
			ReleaseScriptCaches (1ms)
			RebuildScriptCaches (23ms)
			SetupLoadedEditorAssemblies (207ms)
				LogAssemblyErrors (0ms)
				InitializePlatformSupportModulesInManaged (4ms)
				SetLoadedEditorAssemblies (0ms)
				RefreshPlugins (0ms)
				BeforeProcessingInitializeOnLoad (50ms)
				ProcessInitializeOnLoadAttributes (136ms)
				ProcessInitializeOnLoadMethodAttributes (14ms)
				AfterProcessingInitializeOnLoad (1ms)
				EditorAssembliesLoaded (0ms)
			ExecutionOrderSort2 (0ms)
			AwakeInstancesAfterBackupRestoration (5ms)
Platform modules already initialized, skipping
Refreshing native plugins compatible for Editor in 0.31 ms, found 2 plugins.
Preloading 0 native plugins for Editor in 0.00 ms.
Unloading 1827 Unused Serialized files (Serialized files now loaded: 0)
System memory in use before: 98.3 MB.
System memory in use after: 98.4 MB.

Unloading 18 unused Assets to reduce memory usage. Loaded Objects now: 2322.
Total: 2.667100 ms (FindLiveObjects: 0.124200 ms CreateObjectMapping: 0.028700 ms MarkObjects: 2.492500 ms  DeleteObjects: 0.020200 ms)

AssetImportParameters requested are different than current active one (requested -> active):
  custom:framework-win-MediaFoundation: 216162199b28c13a410421893ffa2e32 -> 
  custom:video-decoder-ogg-theora: a1e56fd34408186e4bbccfd4996cb3dc -> 
  custom:container-muxer-webm: aa71ff27fc2769a1b78a27578f13a17b -> 
  custom:container-demuxer-webm: 4f35f7cbe854078d1ac9338744f61a02 -> 
  custom:container-demuxer-ogg: 62fdf1f143b41e24485cea50d1cbac27 -> 
  custom:video-encoder-webm-vp8: eb34c28f22e8b96e1ab97ce403110664 -> 
  custom:video-decoder-webm-vp8: 9c59270c3fd7afecdb556c50c9e8de78 -> 
  custom:audio-decoder-ogg-vorbis: bf7c407c2cedff20999df2af8eb42d56 -> 
  custom:audio-encoder-webm-vorbis: bf7c407c2cedff20999df2af8eb42d56 -> 
========================================================================
Received Import Request.
  Time since last request: 109.267424 seconds.
  path: Assets/_Prefabs/bulletPrefab.prefab
  artifactKey: Guid(95fbc25f569844d4facdc912d6203b3b) Importer(815301076,1909f56bfc062723c751e8b465ee728b)
Start importing Assets/_Prefabs/bulletPrefab.prefab using Guid(95fbc25f569844d4facdc912d6203b3b) Importer(815301076,1909f56bfc062723c751e8b465ee728b)  -> (artifact id: '895e19d93c6fe9e6647041842d78e17b') in 0.047571 seconds 
  Import took 0.049798 seconds .

========================================================================
Received Import Request.
  Time since last request: 152.187626 seconds.
  path: Assets/_Prefabs/Standard.prefab
  artifactKey: Guid(7a47e5300bc5e1642883251f9c307e48) Importer(815301076,1909f56bfc062723c751e8b465ee728b)
Start importing Assets/_Prefabs/Standard.prefab using Guid(7a47e5300bc5e1642883251f9c307e48) Importer(815301076,1909f56bfc062723c751e8b465ee728b)  -> (artifact id: 'e3453a9b3b9b536bd1c3ab3dccc91066') in 0.073897 seconds 
  Import took 0.076741 seconds .

========================================================================
Received Import Request.
  Time since last request: 50.837640 seconds.
  path: Assets/_Prefabs/Standard.prefab
  artifactKey: Guid(7a47e5300bc5e1642883251f9c307e48) Importer(815301076,1909f56bfc062723c751e8b465ee728b)
Start importing Assets/_Prefabs/Standard.prefab using Guid(7a47e5300bc5e1642883251f9c307e48) Importer(815301076,1909f56bfc062723c751e8b465ee728b) Standard's NetworkTransform component has obsolete .clientAuthority enabled. Please disable it and set SyncDirection to ClientToServer instead.
UnityEngine.StackTraceUtility:ExtractStackTrace ()
UnityEngine.DebugLogHandler:LogFormat (UnityEngine.LogType,UnityEngine.Object,string,object[])
UnityEngine.Logger:Log (UnityEngine.LogType,object)
UnityEngine.Debug:LogWarning (object)
Mirror.NetworkTransformBase:OnValidate () (at Assets/Mirror/Components/NetworkTransform/NetworkTransformBase.cs:130)

(Filename: Assets/Mirror/Components/NetworkTransform/NetworkTransformBase.cs Line: 130)

 -> (artifact id: '2975a62393c6697faa432314e29994cb') in 0.050464 seconds 
  Import took 0.053073 seconds .

========================================================================
Received Import Request.
  Time since last request: 9.614070 seconds.
  path: Assets/_Prefabs/Standard.prefab
  artifactKey: Guid(7a47e5300bc5e1642883251f9c307e48) Importer(815301076,1909f56bfc062723c751e8b465ee728b)
Start importing Assets/_Prefabs/Standard.prefab using Guid(7a47e5300bc5e1642883251f9c307e48) Importer(815301076,1909f56bfc062723c751e8b465ee728b)  -> (artifact id: '96c1d88833975a51abfe02cd154f4cc7') in 0.044342 seconds 
  Import took 0.047020 seconds .

========================================================================
Received Import Request.
  Time since last request: 56.186260 seconds.
  path: Assets/_Prefabs/Standard.prefab
  artifactKey: Guid(7a47e5300bc5e1642883251f9c307e48) Importer(815301076,1909f56bfc062723c751e8b465ee728b)
Start importing Assets/_Prefabs/Standard.prefab using Guid(7a47e5300bc5e1642883251f9c307e48) Importer(815301076,1909f56bfc062723c751e8b465ee728b) Standard's NetworkTransform component has obsolete .clientAuthority enabled. Please disable it and set SyncDirection to ClientToServer instead.
UnityEngine.StackTraceUtility:ExtractStackTrace ()
UnityEngine.DebugLogHandler:LogFormat (UnityEngine.LogType,UnityEngine.Object,string,object[])
UnityEngine.Logger:Log (UnityEngine.LogType,object)
UnityEngine.Debug:LogWarning (object)
Mirror.NetworkTransformBase:OnValidate () (at Assets/Mirror/Components/NetworkTransform/NetworkTransformBase.cs:130)

(Filename: Assets/Mirror/Components/NetworkTransform/NetworkTransformBase.cs Line: 130)

 -> (artifact id: '4468aa11bf766d166fda34f919b5959e') in 0.051526 seconds 
  Import took 0.054115 seconds .

========================================================================
Received Prepare
Registering precompiled user dll's ...
Registered in 0.002257 seconds.
Begin MonoManager ReloadAssembly
Native extension for WindowsStandalone target not found
Refreshing native plugins compatible for Editor in 0.32 ms, found 2 plugins.
Preloading 0 native plugins for Editor in 0.00 ms.
Mono: successfully reloaded assembly
- Completed reload, in  0.815 seconds
Domain Reload Profiling:
	ReloadAssembly (816ms)
		BeginReloadAssembly (85ms)
			ExecutionOrderSort (0ms)
			DisableScriptedObjects (2ms)
			BackupInstance (0ms)
			ReleaseScriptingObjects (0ms)
			CreateAndSetChildDomain (30ms)
		EndReloadAssembly (684ms)
			LoadAssemblies (72ms)
			RebuildTransferFunctionScriptingTraits (0ms)
			SetupTypeCache (229ms)
			ReleaseScriptCaches (1ms)
			RebuildScriptCaches (27ms)
			SetupLoadedEditorAssemblies (283ms)
				LogAssemblyErrors (0ms)
				InitializePlatformSupportModulesInManaged (5ms)
				SetLoadedEditorAssemblies (0ms)
				RefreshPlugins (0ms)
				BeforeProcessingInitializeOnLoad (62ms)
				ProcessInitializeOnLoadAttributes (172ms)
				ProcessInitializeOnLoadMethodAttributes (41ms)
				AfterProcessingInitializeOnLoad (1ms)
				EditorAssembliesLoaded (0ms)
			ExecutionOrderSort2 (0ms)
			AwakeInstancesAfterBackupRestoration (5ms)
Platform modules already initialized, skipping
Refreshing native plugins compatible for Editor in 0.32 ms, found 2 plugins.
Preloading 0 native plugins for Editor in 0.00 ms.
Unloading 1827 Unused Serialized files (Serialized files now loaded: 0)
System memory in use before: 98.3 MB.
System memory in use after: 98.4 MB.

Unloading 19 unused Assets to reduce memory usage. Loaded Objects now: 2325.
Total: 2.490800 ms (FindLiveObjects: 0.124900 ms CreateObjectMapping: 0.043100 ms MarkObjects: 2.288900 ms  DeleteObjects: 0.032200 ms)

AssetImportParameters requested are different than current active one (requested -> active):
  custom:framework-win-MediaFoundation: 216162199b28c13a410421893ffa2e32 -> 
  custom:video-decoder-ogg-theora: a1e56fd34408186e4bbccfd4996cb3dc -> 
  custom:container-muxer-webm: aa71ff27fc2769a1b78a27578f13a17b -> 
  custom:container-demuxer-webm: 4f35f7cbe854078d1ac9338744f61a02 -> 
  custom:container-demuxer-ogg: 62fdf1f143b41e24485cea50d1cbac27 -> 
  custom:video-encoder-webm-vp8: eb34c28f22e8b96e1ab97ce403110664 -> 
  custom:video-decoder-webm-vp8: 9c59270c3fd7afecdb556c50c9e8de78 -> 
  custom:audio-decoder-ogg-vorbis: bf7c407c2cedff20999df2af8eb42d56 -> 
  custom:audio-encoder-webm-vorbis: bf7c407c2cedff20999df2af8eb42d56 -> 
========================================================================
Received Prepare
Refreshing native plugins compatible for Editor in 2.61 ms, found 2 plugins.
Preloading 0 native plugins for Editor in 0.00 ms.
Unloading 16 Unused Serialized files (Serialized files now loaded: 0)
System memory in use before: 62.0 MB.
System memory in use after: 62.1 MB.

Unloading 16 unused Assets to reduce memory usage. Loaded Objects now: 2325.
Total: 2.439600 ms (FindLiveObjects: 0.122100 ms CreateObjectMapping: 0.031600 ms MarkObjects: 2.261500 ms  DeleteObjects: 0.022900 ms)

AssetImportParameters requested are different than current active one (requested -> active):
  custom:framework-win-MediaFoundation: 216162199b28c13a410421893ffa2e32 -> 
  custom:video-decoder-ogg-theora: a1e56fd34408186e4bbccfd4996cb3dc -> 
  custom:container-muxer-webm: aa71ff27fc2769a1b78a27578f13a17b -> 
  custom:container-demuxer-webm: 4f35f7cbe854078d1ac9338744f61a02 -> 
  custom:container-demuxer-ogg: 62fdf1f143b41e24485cea50d1cbac27 -> 
  custom:video-encoder-webm-vp8: eb34c28f22e8b96e1ab97ce403110664 -> 
  custom:video-decoder-webm-vp8: 9c59270c3fd7afecdb556c50c9e8de78 -> 
  custom:audio-decoder-ogg-vorbis: bf7c407c2cedff20999df2af8eb42d56 -> 
  custom:audio-encoder-webm-vorbis: bf7c407c2cedff20999df2af8eb42d56 -> 
AssetImportWorkerClient::OnTransportError - code=2 error=End of file
